<?xml version="1.0" encoding="UTF-8"?>
<!-- Generated by org.testng.reporters.JUnitReportReporter -->
<testsuite hostname="DESKTOP-1FRT0U6" failures="0" tests="2" name="tests.RegistrationTest" time="24.307" errors="0" timestamp="2025-09-04T22:47:48 IST" skipped="0">
  <testcase classname="tests.RegistrationTest" name="testRegistrationWithUniqueUser" time="6.544"/>
  <testcase classname="tests.RegistrationTest" name="testRegistrationWithExistingUser" time="17.763"/>
</testsuite> <!-- tests.RegistrationTest -->
