<?xml version="1.0" encoding="UTF-8"?>
<!-- Generated by org.testng.reporters.JUnitReportReporter -->
<testsuite hostname="DESKTOP-1FRT0U6" failures="0" tests="1" name="tests.PurchaseTest" time="11.402" errors="0" timestamp="2025-09-08T09:44:44 IST" skipped="0">
  <testcase classname="tests.PurchaseTest" name="testSuccessfulPurchase" time="11.402"/>
</testsuite> <!-- tests.PurchaseTest -->
