<?xml version="1.0" encoding="UTF-8"?>
<!-- Generated by org.testng.reporters.JUnitReportReporter -->
<testsuite hostname="DESKTOP-1FRT0U6" failures="0" tests="2" name="tests.RegistrationTest" time="10.716" errors="0" timestamp="2025-09-03T20:34:42 IST" skipped="0">
  <testcase classname="tests.RegistrationTest" name="testRegistrationWithUniqueUser" time="6.061"/>
  <testcase classname="tests.RegistrationTest" name="testRegistrationWithExistingUser" time="4.655"/>
</testsuite> <!-- tests.RegistrationTest -->
