<?xml version="1.0" encoding="UTF-8"?>
<!-- Generated by org.testng.reporters.JUnitReportReporter -->
<testsuite hostname="DESKTOP-1FRT0U6" failures="0" tests="2" name="tests.RegistrationTest" time="14.945" errors="0" timestamp="2025-09-08T09:44:44 IST" skipped="0">
  <testcase classname="tests.RegistrationTest" name="testRegistrationWithUniqueUser" time="4.824"/>
  <testcase classname="tests.RegistrationTest" name="testRegistrationWithExistingUser" time="10.121"/>
</testsuite> <!-- tests.RegistrationTest -->
