<?xml version="1.0" encoding="UTF-8"?>
<!-- Generated by org.testng.reporters.JUnitReportReporter -->
<testsuite hostname="DESKTOP-1FRT0U6" failures="0" tests="1" name="tests.PurchaseTest" time="15.369" errors="0" timestamp="2025-09-03T23:09:36 IST" skipped="0">
  <testcase classname="tests.PurchaseTest" name="testSuccessfulPurchase" time="15.369"/>
</testsuite> <!-- tests.PurchaseTest -->
