<?xml version="1.0" encoding="UTF-8"?>
<!-- Generated by org.testng.reporters.JUnitReportReporter -->
<testsuite hostname="DESKTOP-1FRT0U6" failures="0" tests="2" name="tests.RegistrationTest" time="15.963" errors="0" timestamp="2025-09-03T23:09:36 IST" skipped="0">
  <testcase classname="tests.RegistrationTest" name="testRegistrationWithUniqueUser" time="6.246"/>
  <testcase classname="tests.RegistrationTest" name="testRegistrationWithExistingUser" time="9.717"/>
</testsuite> <!-- tests.RegistrationTest -->
