<?xml version="1.0" encoding="UTF-8"?>
<!-- Generated by org.testng.reporters.JUnitReportReporter -->
<testsuite hostname="DESKTOP-1FRT0U6" failures="0" tests="1" name="tests.CartTest" time="18.177" errors="0" timestamp="2025-09-03T23:04:43 IST" skipped="0">
  <testcase classname="tests.CartTest" name="testAddProductToCart" time="18.177"/>
</testsuite> <!-- tests.CartTest -->
