<?xml version="1.0" encoding="UTF-8"?>
<!-- Generated by org.testng.reporters.JUnitReportReporter -->
<testsuite hostname="DESKTOP-1FRT0U6" failures="0" tests="3" name="tests.CartTest" time="92.039" errors="0" timestamp="2025-09-04T22:47:48 IST" skipped="0">
  <testcase classname="tests.CartTest" name="testAddProductToCart" time="25.790"/>
  <testcase classname="tests.CartTest" name="testAddSameProductTwice" time="30.641"/>
  <testcase classname="tests.CartTest" name="testRemoveItemFromCart" time="35.608"/>
</testsuite> <!-- tests.CartTest -->
