<?xml version="1.0" encoding="UTF-8"?>
<!-- Generated by org.testng.reporters.JUnitReportReporter -->
<testsuite hostname="DESKTOP-1FRT0U6" failures="0" tests="3" name="tests.CartTest" time="78.521" errors="0" timestamp="2025-09-08T09:44:44 IST" skipped="0">
  <testcase classname="tests.CartTest" name="testAddProductToCart" time="24.321"/>
  <testcase classname="tests.CartTest" name="testAddSameProductTwice" time="28.449"/>
  <testcase classname="tests.CartTest" name="testRemoveItemFromCart" time="25.751"/>
</testsuite> <!-- tests.CartTest -->
