<?xml version="1.0" encoding="UTF-8"?>
<!-- Generated by org.testng.reporters.JUnitReportReporter -->
<testsuite hostname="DESKTOP-1FRT0U6" failures="0" tests="3" name="tests.ContactFormTest" time="29.291" errors="0" timestamp="2025-09-04T22:47:48 IST" skipped="0">
  <testcase classname="tests.ContactFormTest" name="testContactFormWithValidData" time="8.685"/>
  <testcase classname="tests.ContactFormTest" name="testContactFormWithEmptyFields" time="9.514"/>
  <testcase classname="tests.ContactFormTest" name="testContactFormWithLongMessage" time="11.092"/>
</testsuite> <!-- tests.ContactFormTest -->
