<?xml version="1.0" encoding="UTF-8"?>
<!-- Generated by org.testng.reporters.JUnitReportReporter -->
<testsuite hostname="DESKTOP-1FRT0U6" failures="0" tests="3" name="tests.ProductCategoryTest" time="23.891" errors="0" timestamp="2025-09-08T09:44:44 IST" skipped="0">
  <testcase classname="tests.ProductCategoryTest" name="testPhonesCategory" time="8.114"/>
  <testcase classname="tests.ProductCategoryTest" name="testLaptopsCategory" time="7.988"/>
  <testcase classname="tests.ProductCategoryTest" name="testMonitorsCategory" time="7.789"/>
</testsuite> <!-- tests.ProductCategoryTest -->
