<?xml version="1.0" encoding="UTF-8"?>
<!-- Generated by org.testng.reporters.JUnitReportReporter -->
<testsuite hostname="DESKTOP-1FRT0U6" failures="0" tests="3" name="tests.LoginTest" time="13.753" errors="0" timestamp="2025-09-08T09:44:44 IST" skipped="0">
  <testcase classname="tests.LoginTest" name="testLoginWithBlankCredentials" time="3.656"/>
  <testcase classname="tests.LoginTest" name="testLoginWithWrongPassword" time="4.534"/>
  <testcase classname="tests.LoginTest" name="testLoginWithCorrectCredentials" time="5.563"/>
</testsuite> <!-- tests.LoginTest -->
