<?xml version="1.0" encoding="UTF-8"?>
<!-- Generated by org.testng.reporters.JUnitReportReporter -->
<testsuite hostname="DESKTOP-1FRT0U6" failures="0" tests="3" name="tests.ProductCategoryTest" time="29.368" errors="0" timestamp="2025-09-04T22:47:48 IST" skipped="0">
  <testcase classname="tests.ProductCategoryTest" name="testPhonesCategory" time="10.303"/>
  <testcase classname="tests.ProductCategoryTest" name="testLaptopsCategory" time="10.023"/>
  <testcase classname="tests.ProductCategoryTest" name="testMonitorsCategory" time="9.042"/>
</testsuite> <!-- tests.ProductCategoryTest -->
