<?xml version="1.0" encoding="UTF-8"?>
<!-- Generated by org.testng.reporters.JUnitReportReporter -->
<testsuite hostname="DESKTOP-1FRT0U6" failures="0" tests="3" name="tests.ContactFormTest" time="20.627" errors="0" timestamp="2025-09-08T09:44:44 IST" skipped="0">
  <testcase classname="tests.ContactFormTest" name="testContactFormWithValidData" time="6.666"/>
  <testcase classname="tests.ContactFormTest" name="testContactFormWithEmptyFields" time="6.799"/>
  <testcase classname="tests.ContactFormTest" name="testContactFormWithLongMessage" time="7.162"/>
</testsuite> <!-- tests.ContactFormTest -->
