<?xml version="1.0" encoding="UTF-8"?>
<!-- Generated by org.testng.reporters.JUnitReportReporter -->
<testsuite hostname="DESKTOP-1FRT0U6" failures="0" tests="3" name="tests.LoginTest" time="13.495" errors="0" timestamp="2025-09-03T20:34:42 IST" skipped="0">
  <testcase classname="tests.LoginTest" name="testLoginWithBlankCredentials" time="3.372"/>
  <testcase classname="tests.LoginTest" name="testLoginWithWrongPassword" time="4.341"/>
  <testcase classname="tests.LoginTest" name="testLoginWithCorrectCredentials" time="5.782"/>
</testsuite> <!-- tests.LoginTest -->
