<?xml version="1.0" encoding="UTF-8"?>
<!-- Generated by org.testng.reporters.JUnitReportReporter -->
<testsuite hostname="DESKTOP-1FRT0U6" failures="0" tests="3" name="tests.LoginTest" time="18.854" errors="0" timestamp="2025-09-04T22:47:48 IST" skipped="0">
  <testcase classname="tests.LoginTest" name="testLoginWithBlankCredentials" time="4.407"/>
  <testcase classname="tests.LoginTest" name="testLoginWithWrongPassword" time="6.656"/>
  <testcase classname="tests.LoginTest" name="testLoginWithCorrectCredentials" time="7.791"/>
</testsuite> <!-- tests.LoginTest -->
