<?xml version="1.0" encoding="UTF-8"?>
<!-- Generated by org.testng.reporters.JUnitReportReporter -->
<testsuite hostname="DESKTOP-1FRT0U6" failures="0" tests="3" name="tests.LoginTest" time="17.782" errors="0" timestamp="2025-09-03T22:19:08 IST" skipped="0">
  <testcase classname="tests.LoginTest" name="testLoginWithBlankCredentials" time="5.118"/>
  <testcase classname="tests.LoginTest" name="testLoginWithWrongPassword" time="5.853"/>
  <testcase classname="tests.LoginTest" name="testLoginWithCorrectCredentials" time="6.811"/>
</testsuite> <!-- tests.LoginTest -->
