<?xml version="1.0" encoding="UTF-8"?>
<!-- Generated by org.testng.reporters.JUnitReportReporter -->
<testsuite hostname="DESKTOP-1FRT0U6" failures="0" tests="3" name="tests.LoginTest" time="18.481" errors="0" timestamp="2025-09-03T23:35:57 IST" skipped="0">
  <testcase classname="tests.LoginTest" name="testLoginWithBlankCredentials" time="5.594"/>
  <testcase classname="tests.LoginTest" name="testLoginWithWrongPassword" time="6.110"/>
  <testcase classname="tests.LoginTest" name="testLoginWithCorrectCredentials" time="6.777"/>
</testsuite> <!-- tests.LoginTest -->
