<?xml version="1.0" encoding="UTF-8"?>
<!-- Generated by org.testng.reporters.JUnitReportReporter -->
<testsuite hostname="DESKTOP-1FRT0U6" failures="0" tests="2" name="tests.RegistrationTest" time="12.765" errors="0" timestamp="2025-09-03T23:35:57 IST" skipped="0">
  <testcase classname="tests.RegistrationTest" name="testRegistrationWithUniqueUser" time="6.219"/>
  <testcase classname="tests.RegistrationTest" name="testRegistrationWithExistingUser" time="6.546"/>
</testsuite> <!-- tests.RegistrationTest -->
