<?xml version="1.0" encoding="UTF-8"?>
<!-- Generated by org.testng.reporters.JUnitReportReporter -->
<testsuite hostname="DESKTOP-1FRT0U6" failures="0" tests="4" name="tests.InvalidCredentialsTest" time="9.185" errors="0" timestamp="2025-09-02T01:48:57 IST" skipped="0">
  <testcase classname="tests.InvalidCredentialsTest" name="testLoginWithInvalidCredentials" time="1.525"/>
  <testcase classname="tests.InvalidCredentialsTest" name="testLoginWithInvalidCredentials" time="2.772"/>
  <testcase classname="tests.InvalidCredentialsTest" name="testLoginWithInvalidCredentials" time="2.874"/>
  <testcase classname="tests.InvalidCredentialsTest" name="testLoginWithInvalidCredentials" time="2.014"/>
</testsuite> <!-- tests.InvalidCredentialsTest -->
