<?xml version="1.0" encoding="UTF-8"?>
<!-- Generated by org.testng.reporters.JUnitReportReporter -->
<testsuite hostname="DESKTOP-1FRT0U6" failures="0" tests="1" name="tests.ExistSignUpTest" time="2.710" errors="0" timestamp="2025-09-02T01:12:55 IST" skipped="0">
  <testcase classname="tests.ExistSignUpTest" name="signUpWithExistingUser" time="2.710"/>
</testsuite> <!-- tests.ExistSignUpTest -->
