<?xml version="1.0" encoding="UTF-8"?>
<!-- Generated by org.testng.reporters.JUnitReportReporter -->
<testsuite hostname="DESKTOP-1FRT0U6" failures="0" tests="2" name="tests.RegistrationTest" time="12.931" errors="0" timestamp="2025-09-03T22:19:08 IST" skipped="0">
  <testcase classname="tests.RegistrationTest" name="testRegistrationWithUniqueUser" time="7.147"/>
  <testcase classname="tests.RegistrationTest" name="testRegistrationWithExistingUser" time="5.784"/>
</testsuite> <!-- tests.RegistrationTest -->
