<?xml version="1.0" encoding="UTF-8"?>
<!-- Generated by org.testng.reporters.JUnitReportReporter -->
<testsuite hostname="DESKTOP-1FRT0U6" failures="0" tests="1" name="tests.ExistLoginTest" time="2.634" errors="0" timestamp="2025-09-01T23:39:42 IST" skipped="0">
  <testcase classname="tests.ExistLoginTest" name="negativSingup" time="2.634"/>
</testsuite> <!-- tests.ExistLoginTest -->
