<?xml version="1.0" encoding="UTF-8"?>
<!-- Generated by org.testng.reporters.JUnitReportReporter -->
<testsuite hostname="DESKTOP-1FRT0U6" failures="0" tests="3" name="tests.SignUpTest" time="6.499" errors="0" timestamp="2025-09-02T01:12:55 IST" skipped="0">
  <testcase classname="tests.SignUpTest" name="signUpWithExistingCredentials" time="2.468"/>
  <testcase classname="tests.SignUpTest" name="signUpWithNewCredentials" time="2.448"/>
  <testcase classname="tests.SignUpTest" name="signUpWithEmptyCredentials" time="1.583"/>
</testsuite> <!-- tests.SignUpTest -->
