<?xml version="1.0" encoding="UTF-8"?>
<!-- Generated by org.testng.reporters.JUnitReportReporter -->
<testsuite hostname="DESKTOP-1FRT0U6" failures="0" tests="2" name="tests.InvalidLoginTest" time="4.239" errors="0" timestamp="2025-09-02T01:12:55 IST" skipped="0">
  <testcase classname="tests.InvalidLoginTest" name="loginWithEmptyCredentials" time="1.592"/>
  <testcase classname="tests.InvalidLoginTest" name="loginWithInvalidCredentials" time="2.647"/>
</testsuite> <!-- tests.InvalidLoginTest -->
